TN:
SF:login\controllers\authController.js
FN:5,(anonymous_0)
FN:29,(anonymous_1)
FN:67,(anonymous_2)
FN:75,(anonymous_3)
FNF:4
FNH:1
FNDA:0,(anonymous_0)
FNDA:4,(anonymous_1)
FNDA:0,(anonymous_2)
FNDA:0,(anonymous_3)
DA:1,1
DA:2,1
DA:3,1
DA:5,1
DA:6,0
DA:7,0
DA:9,0
DA:11,0
DA:12,0
DA:13,0
DA:17,0
DA:20,0
DA:21,0
DA:23,0
DA:25,0
DA:29,1
DA:30,4
DA:31,4
DA:33,4
DA:35,4
DA:37,4
DA:38,2
DA:42,2
DA:43,2
DA:44,1
DA:48,1
DA:49,1
DA:52,1
DA:53,1
DA:56,1
DA:62,0
DA:67,1
DA:68,0
DA:69,0
DA:71,0
DA:75,1
DA:76,0
DA:77,0
DA:78,0
DA:80,0
LF:40
LH:21
BRDA:12,0,0,0
BRDA:12,0,1,0
BRDA:37,1,0,2
BRDA:37,1,1,2
BRDA:43,2,0,1
BRDA:43,2,1,1
BRF:6
BRH:4
end_of_record
TN:
SF:login\model\User.js
FNF:0
FNH:0
DA:1,1
DA:2,1
DA:16,1
LF:3
LH:3
BRF:0
BRH:0
end_of_record
TN:
SF:login\utils\PasswordFunction.js
FN:3,(anonymous_0)
FN:13,(anonymous_1)
FNF:2
FNH:2
FNDA:1,(anonymous_0)
FNDA:2,(anonymous_1)
DA:1,2
DA:3,2
DA:4,1
DA:5,1
DA:6,1
DA:8,0
DA:13,2
DA:14,2
DA:15,2
DA:17,2
LF:10
LH:9
BRF:0
BRH:0
end_of_record
TN:
SF:login\utils\Token.js
FN:3,createToken
FNF:1
FNH:0
FNDA:0,createToken
DA:1,1
DA:4,0
DA:5,0
DA:6,0
DA:7,0
DA:9,1
LF:6
LH:2
BRF:0
BRH:0
end_of_record
