{"E:\\site-ecommerce\\backend\\login\\controllers\\authController.js": {"path":"E:\\site-ecommerce\\backend\\login\\controllers\\authController.js","statementMap":{"0":{"start":{"line":1,"column":18},"end":{"line":1,"column":42}},"1":{"start":{"line":2,"column":34},"end":{"line":2,"column":70}},"2":{"start":{"line":3,"column":20},"end":{"line":3,"column":45}},"3":{"start":{"line":5,"column":0},"end":{"line":27,"column":2}},"4":{"start":{"line":6,"column":30},"end":{"line":6,"column":38}},"5":{"start":{"line":7,"column":2},"end":{"line":7,"column":24}},"6":{"start":{"line":9,"column":2},"end":{"line":26,"column":3}},"7":{"start":{"line":11,"column":23},"end":{"line":11,"column":57}},"8":{"start":{"line":12,"column":4},"end":{"line":14,"column":5}},"9":{"start":{"line":13,"column":6},"end":{"line":13,"column":66}},"10":{"start":{"line":17,"column":27},"end":{"line":17,"column":52}},"11":{"start":{"line":20,"column":17},"end":{"line":20,"column":73}},"12":{"start":{"line":21,"column":4},"end":{"line":21,"column":22}},"13":{"start":{"line":23,"column":4},"end":{"line":23,"column":71}},"14":{"start":{"line":25,"column":4},"end":{"line":25,"column":49}},"15":{"start":{"line":29,"column":0},"end":{"line":64,"column":2}},"16":{"start":{"line":30,"column":30},"end":{"line":30,"column":38}},"17":{"start":{"line":31,"column":2},"end":{"line":31,"column":24}},"18":{"start":{"line":33,"column":2},"end":{"line":63,"column":3}},"19":{"start":{"line":35,"column":23},"end":{"line":35,"column":57}},"20":{"start":{"line":37,"column":4},"end":{"line":39,"column":5}},"21":{"start":{"line":38,"column":6},"end":{"line":38,"column":69}},"22":{"start":{"line":42,"column":18},"end":{"line":42,"column":65}},"23":{"start":{"line":43,"column":4},"end":{"line":45,"column":5}},"24":{"start":{"line":44,"column":6},"end":{"line":44,"column":72}},"25":{"start":{"line":48,"column":20},"end":{"line":48,"column":46}},"26":{"start":{"line":49,"column":18},"end":{"line":49,"column":38}},"27":{"start":{"line":52,"column":25},"end":{"line":52,"column":46}},"28":{"start":{"line":53,"column":4},"end":{"line":53,"column":33}},"29":{"start":{"line":56,"column":4},"end":{"line":60,"column":7}},"30":{"start":{"line":62,"column":4},"end":{"line":62,"column":49}},"31":{"start":{"line":67,"column":0},"end":{"line":73,"column":2}},"32":{"start":{"line":68,"column":2},"end":{"line":72,"column":3}},"33":{"start":{"line":69,"column":4},"end":{"line":69,"column":45}},"34":{"start":{"line":71,"column":4},"end":{"line":71,"column":49}},"35":{"start":{"line":75,"column":0},"end":{"line":82,"column":2}},"36":{"start":{"line":76,"column":2},"end":{"line":81,"column":3}},"37":{"start":{"line":77,"column":21},"end":{"line":77,"column":43}},"38":{"start":{"line":78,"column":4},"end":{"line":78,"column":46}},"39":{"start":{"line":80,"column":4},"end":{"line":80,"column":49}}},"fnMap":{"0":{"name":"(anonymous_0)","decl":{"start":{"line":5,"column":26},"end":{"line":5,"column":27}},"loc":{"start":{"line":5,"column":46},"end":{"line":27,"column":1}},"line":5},"1":{"name":"(anonymous_1)","decl":{"start":{"line":29,"column":27},"end":{"line":29,"column":28}},"loc":{"start":{"line":29,"column":47},"end":{"line":64,"column":1}},"line":29},"2":{"name":"(anonymous_2)","decl":{"start":{"line":67,"column":32},"end":{"line":67,"column":33}},"loc":{"start":{"line":67,"column":52},"end":{"line":73,"column":1}},"line":67},"3":{"name":"(anonymous_3)","decl":{"start":{"line":75,"column":29},"end":{"line":75,"column":30}},"loc":{"start":{"line":75,"column":49},"end":{"line":82,"column":1}},"line":75}},"branchMap":{"0":{"loc":{"start":{"line":12,"column":4},"end":{"line":14,"column":5}},"type":"if","locations":[{"start":{"line":12,"column":4},"end":{"line":14,"column":5}},{"start":{},"end":{}}],"line":12},"1":{"loc":{"start":{"line":37,"column":4},"end":{"line":39,"column":5}},"type":"if","locations":[{"start":{"line":37,"column":4},"end":{"line":39,"column":5}},{"start":{},"end":{}}],"line":37},"2":{"loc":{"start":{"line":43,"column":4},"end":{"line":45,"column":5}},"type":"if","locations":[{"start":{"line":43,"column":4},"end":{"line":45,"column":5}},{"start":{},"end":{}}],"line":43}},"s":{"0":1,"1":1,"2":1,"3":1,"4":0,"5":0,"6":0,"7":0,"8":0,"9":0,"10":0,"11":0,"12":0,"13":0,"14":0,"15":1,"16":4,"17":4,"18":4,"19":4,"20":4,"21":2,"22":2,"23":2,"24":1,"25":1,"26":1,"27":1,"28":1,"29":1,"30":0,"31":1,"32":0,"33":0,"34":0,"35":1,"36":0,"37":0,"38":0,"39":0},"f":{"0":0,"1":4,"2":0,"3":0},"b":{"0":[0,0],"1":[2,2],"2":[1,1]},"_coverageSchema":"1a1c01bbd47fc00a2c39e90264f33305004495a9","hash":"f083c18727891612535c47b6517b753a31a26ab3"}
,"E:\\site-ecommerce\\backend\\login\\model\\User.js": {"path":"E:\\site-ecommerce\\backend\\login\\model\\User.js","statementMap":{"0":{"start":{"line":1,"column":17},"end":{"line":1,"column":36}},"1":{"start":{"line":2,"column":19},"end":{"line":15,"column":2}},"2":{"start":{"line":16,"column":0},"end":{"line":16,"column":64}}},"fnMap":{},"branchMap":{},"s":{"0":1,"1":1,"2":1},"f":{},"b":{},"_coverageSchema":"1a1c01bbd47fc00a2c39e90264f33305004495a9","hash":"a18cb7d6e7eba0140157cad3f0f49e8309a4f25c"}
,"E:\\site-ecommerce\\backend\\login\\utils\\PasswordFunction.js": {"path":"E:\\site-ecommerce\\backend\\login\\utils\\PasswordFunction.js","statementMap":{"0":{"start":{"line":1,"column":15},"end":{"line":1,"column":34}},"1":{"start":{"line":3,"column":18},"end":{"line":10,"column":1}},"2":{"start":{"line":4,"column":2},"end":{"line":9,"column":3}},"3":{"start":{"line":5,"column":27},"end":{"line":5,"column":53}},"4":{"start":{"line":6,"column":4},"end":{"line":6,"column":26}},"5":{"start":{"line":8,"column":4},"end":{"line":8,"column":23}},"6":{"start":{"line":13,"column":19},"end":{"line":16,"column":1}},"7":{"start":{"line":14,"column":16},"end":{"line":14,"column":48}},"8":{"start":{"line":15,"column":2},"end":{"line":15,"column":15}},"9":{"start":{"line":17,"column":0},"end":{"line":17,"column":43}}},"fnMap":{"0":{"name":"(anonymous_0)","decl":{"start":{"line":3,"column":18},"end":{"line":3,"column":19}},"loc":{"start":{"line":3,"column":33},"end":{"line":10,"column":1}},"line":3},"1":{"name":"(anonymous_1)","decl":{"start":{"line":13,"column":19},"end":{"line":13,"column":20}},"loc":{"start":{"line":13,"column":41},"end":{"line":16,"column":1}},"line":13}},"branchMap":{},"s":{"0":2,"1":2,"2":1,"3":1,"4":1,"5":0,"6":2,"7":2,"8":2,"9":2},"f":{"0":1,"1":2},"b":{},"_coverageSchema":"1a1c01bbd47fc00a2c39e90264f33305004495a9","hash":"cb806bec99bf8ba9a6e3bfc7fd660337fb405c9f"}
,"E:\\site-ecommerce\\backend\\login\\utils\\Token.js": {"path":"E:\\site-ecommerce\\backend\\login\\utils\\Token.js","statementMap":{"0":{"start":{"line":1,"column":10},"end":{"line":1,"column":33}},"1":{"start":{"line":4,"column":2},"end":{"line":4,"column":22}},"2":{"start":{"line":5,"column":16},"end":{"line":5,"column":71}},"3":{"start":{"line":6,"column":2},"end":{"line":6,"column":20}},"4":{"start":{"line":7,"column":2},"end":{"line":7,"column":14}},"5":{"start":{"line":9,"column":0},"end":{"line":9,"column":29}}},"fnMap":{"0":{"name":"createToken","decl":{"start":{"line":3,"column":9},"end":{"line":3,"column":20}},"loc":{"start":{"line":3,"column":30},"end":{"line":8,"column":1}},"line":3}},"branchMap":{},"s":{"0":1,"1":0,"2":0,"3":0,"4":0,"5":1},"f":{"0":0},"b":{},"_coverageSchema":"1a1c01bbd47fc00a2c39e90264f33305004495a9","hash":"484d54c014d652387df5e38fe36b3df15a6f3db0"}
}
