{"E:\\memoire-Ecommerce\\backend\\product\\controllers\\productController.js": {"path":"E:\\memoire-Ecommerce\\backend\\product\\controllers\\productController.js","statementMap":{"0":{"start":{"line":1,"column":21},"end":{"line":1,"column":48}},"1":{"start":{"line":5,"column":0},"end":{"line":54,"column":2}},"2":{"start":{"line":6,"column":2},"end":{"line":53,"column":3}},"3":{"start":{"line":7,"column":70},"end":{"line":7,"column":78}},"4":{"start":{"line":9,"column":4},"end":{"line":9,"column":43}},"5":{"start":{"line":10,"column":4},"end":{"line":10,"column":45}},"6":{"start":{"line":13,"column":4},"end":{"line":17,"column":5}},"7":{"start":{"line":14,"column":6},"end":{"line":16,"column":9}},"8":{"start":{"line":22,"column":23},"end":{"line":22,"column":59}},"9":{"start":{"line":23,"column":4},"end":{"line":25,"column":5}},"10":{"start":{"line":24,"column":6},"end":{"line":24,"column":69}},"11":{"start":{"line":28,"column":23},"end":{"line":39,"column":6}},"12":{"start":{"line":41,"column":4},"end":{"line":41,"column":28}},"13":{"start":{"line":42,"column":4},"end":{"line":45,"column":7}},"14":{"start":{"line":47,"column":4},"end":{"line":47,"column":63}},"15":{"start":{"line":48,"column":4},"end":{"line":52,"column":7}},"16":{"start":{"line":57,"column":0},"end":{"line":64,"column":2}},"17":{"start":{"line":58,"column":2},"end":{"line":63,"column":3}},"18":{"start":{"line":59,"column":21},"end":{"line":59,"column":48}},"19":{"start":{"line":60,"column":4},"end":{"line":60,"column":27}},"20":{"start":{"line":62,"column":4},"end":{"line":62,"column":49}},"21":{"start":{"line":67,"column":0},"end":{"line":80,"column":2}},"22":{"start":{"line":68,"column":2},"end":{"line":79,"column":3}},"23":{"start":{"line":69,"column":23},"end":{"line":69,"column":33}},"24":{"start":{"line":70,"column":17},"end":{"line":70,"column":52}},"25":{"start":{"line":72,"column":4},"end":{"line":74,"column":5}},"26":{"start":{"line":73,"column":6},"end":{"line":73,"column":65}},"27":{"start":{"line":76,"column":4},"end":{"line":76,"column":32}},"28":{"start":{"line":78,"column":4},"end":{"line":78,"column":49}},"29":{"start":{"line":83,"column":0},"end":{"line":108,"column":2}},"30":{"start":{"line":84,"column":2},"end":{"line":107,"column":3}},"31":{"start":{"line":85,"column":23},"end":{"line":85,"column":33}},"32":{"start":{"line":88,"column":17},"end":{"line":88,"column":29}},"33":{"start":{"line":89,"column":4},"end":{"line":92,"column":5}},"34":{"start":{"line":90,"column":18},"end":{"line":90,"column":74}},"35":{"start":{"line":91,"column":6},"end":{"line":91,"column":44}},"36":{"start":{"line":94,"column":24},"end":{"line":98,"column":5}},"37":{"start":{"line":100,"column":4},"end":{"line":102,"column":5}},"38":{"start":{"line":101,"column":6},"end":{"line":101,"column":65}},"39":{"start":{"line":104,"column":4},"end":{"line":104,"column":39}},"40":{"start":{"line":106,"column":4},"end":{"line":106,"column":49}},"41":{"start":{"line":111,"column":0},"end":{"line":124,"column":2}},"42":{"start":{"line":112,"column":2},"end":{"line":123,"column":3}},"43":{"start":{"line":113,"column":23},"end":{"line":113,"column":33}},"44":{"start":{"line":114,"column":24},"end":{"line":114,"column":68}},"45":{"start":{"line":116,"column":4},"end":{"line":118,"column":5}},"46":{"start":{"line":117,"column":6},"end":{"line":117,"column":65}},"47":{"start":{"line":120,"column":4},"end":{"line":120,"column":54}},"48":{"start":{"line":122,"column":4},"end":{"line":122,"column":49}}},"fnMap":{"0":{"name":"(anonymous_0)","decl":{"start":{"line":5,"column":28},"end":{"line":5,"column":29}},"loc":{"start":{"line":5,"column":48},"end":{"line":54,"column":1}},"line":5},"1":{"name":"(anonymous_1)","decl":{"start":{"line":57,"column":32},"end":{"line":57,"column":33}},"loc":{"start":{"line":57,"column":52},"end":{"line":64,"column":1}},"line":57},"2":{"name":"(anonymous_2)","decl":{"start":{"line":67,"column":28},"end":{"line":67,"column":29}},"loc":{"start":{"line":67,"column":48},"end":{"line":80,"column":1}},"line":67},"3":{"name":"(anonymous_3)","decl":{"start":{"line":83,"column":28},"end":{"line":83,"column":29}},"loc":{"start":{"line":83,"column":48},"end":{"line":108,"column":1}},"line":83},"4":{"name":"(anonymous_4)","decl":{"start":{"line":111,"column":28},"end":{"line":111,"column":29}},"loc":{"start":{"line":111,"column":48},"end":{"line":124,"column":1}},"line":111}},"branchMap":{"0":{"loc":{"start":{"line":13,"column":4},"end":{"line":17,"column":5}},"type":"if","locations":[{"start":{"line":13,"column":4},"end":{"line":17,"column":5}},{"start":{},"end":{}}],"line":13},"1":{"loc":{"start":{"line":13,"column":8},"end":{"line":13,"column":45}},"type":"binary-expr","locations":[{"start":{"line":13,"column":8},"end":{"line":13,"column":13}},{"start":{"line":13,"column":17},"end":{"line":13,"column":23}},{"start":{"line":13,"column":27},"end":{"line":13,"column":32}},{"start":{"line":13,"column":36},"end":{"line":13,"column":45}}],"line":13},"2":{"loc":{"start":{"line":23,"column":4},"end":{"line":25,"column":5}},"type":"if","locations":[{"start":{"line":23,"column":4},"end":{"line":25,"column":5}},{"start":{},"end":{}}],"line":23},"3":{"loc":{"start":{"line":31,"column":19},"end":{"line":31,"column":36}},"type":"binary-expr","locations":[{"start":{"line":31,"column":19},"end":{"line":31,"column":30}},{"start":{"line":31,"column":34},"end":{"line":31,"column":36}}],"line":31},"4":{"loc":{"start":{"line":34,"column":12},"end":{"line":34,"column":39}},"type":"cond-expr","locations":[{"start":{"line":34,"column":19},"end":{"line":34,"column":34}},{"start":{"line":34,"column":37},"end":{"line":34,"column":39}}],"line":34},"5":{"loc":{"start":{"line":35,"column":13},"end":{"line":35,"column":42}},"type":"cond-expr","locations":[{"start":{"line":35,"column":21},"end":{"line":35,"column":37}},{"start":{"line":35,"column":40},"end":{"line":35,"column":42}}],"line":35},"6":{"loc":{"start":{"line":36,"column":11},"end":{"line":36,"column":61}},"type":"cond-expr","locations":[{"start":{"line":36,"column":22},"end":{"line":36,"column":39}},{"start":{"line":36,"column":42},"end":{"line":36,"column":61}}],"line":36},"7":{"loc":{"start":{"line":72,"column":4},"end":{"line":74,"column":5}},"type":"if","locations":[{"start":{"line":72,"column":4},"end":{"line":74,"column":5}},{"start":{},"end":{}}],"line":72},"8":{"loc":{"start":{"line":89,"column":4},"end":{"line":92,"column":5}},"type":"if","locations":[{"start":{"line":89,"column":4},"end":{"line":92,"column":5}},{"start":{},"end":{}}],"line":89},"9":{"loc":{"start":{"line":100,"column":4},"end":{"line":102,"column":5}},"type":"if","locations":[{"start":{"line":100,"column":4},"end":{"line":102,"column":5}},{"start":{},"end":{}}],"line":100},"10":{"loc":{"start":{"line":116,"column":4},"end":{"line":118,"column":5}},"type":"if","locations":[{"start":{"line":116,"column":4},"end":{"line":118,"column":5}},{"start":{},"end":{}}],"line":116}},"s":{"0":1,"1":1,"2":3,"3":3,"4":3,"5":3,"6":3,"7":1,"8":2,"9":1,"10":1,"11":0,"12":0,"13":0,"14":1,"15":1,"16":1,"17":2,"18":2,"19":1,"20":1,"21":1,"22":3,"23":3,"24":3,"25":2,"26":1,"27":1,"28":1,"29":1,"30":3,"31":3,"32":3,"33":3,"34":1,"35":1,"36":3,"37":2,"38":1,"39":1,"40":1,"41":1,"42":3,"43":3,"44":3,"45":2,"46":1,"47":1,"48":1},"f":{"0":3,"1":2,"2":3,"3":3,"4":3},"b":{"0":[1,2],"1":[3,2,2,2],"2":[1,0],"3":[0,0],"4":[0,0],"5":[0,0],"6":[0,0],"7":[1,1],"8":[1,2],"9":[1,1],"10":[1,1]},"_coverageSchema":"1a1c01bbd47fc00a2c39e90264f33305004495a9","hash":"98bb349b2f4434dd0fdc8e091a0c949205da9e86"}
,"E:\\memoire-Ecommerce\\backend\\product\\model\\product.js": {"path":"E:\\memoire-Ecommerce\\backend\\product\\model\\product.js","statementMap":{"0":{"start":{"line":1,"column":17},"end":{"line":1,"column":36}},"1":{"start":{"line":3,"column":22},"end":{"line":57,"column":1}},"2":{"start":{"line":59,"column":16},"end":{"line":59,"column":56}},"3":{"start":{"line":60,"column":0},"end":{"line":60,"column":25}}},"fnMap":{},"branchMap":{},"s":{"0":2,"1":2,"2":2,"3":2},"f":{},"b":{},"_coverageSchema":"1a1c01bbd47fc00a2c39e90264f33305004495a9","hash":"02ddce69d0fc4014af1195ede2e761079bb80a61"}
}
