TN:
SF:controllers\productController.js
FN:5,(anonymous_0)
FN:57,(anonymous_1)
FN:67,(anonymous_2)
FN:83,(anonymous_3)
FN:111,(anonymous_4)
FNF:5
FNH:5
FNDA:3,(anonymous_0)
FNDA:2,(anonymous_1)
FNDA:3,(anonymous_2)
FNDA:3,(anonymous_3)
FNDA:3,(anonymous_4)
DA:1,1
DA:5,1
DA:6,3
DA:7,3
DA:9,3
DA:10,3
DA:13,3
DA:14,1
DA:22,2
DA:23,1
DA:24,1
DA:28,0
DA:41,0
DA:42,0
DA:47,1
DA:48,1
DA:57,1
DA:58,2
DA:59,2
DA:60,1
DA:62,1
DA:67,1
DA:68,3
DA:69,3
DA:70,3
DA:72,2
DA:73,1
DA:76,1
DA:78,1
DA:83,1
DA:84,3
DA:85,3
DA:88,3
DA:89,3
DA:90,1
DA:91,1
DA:94,3
DA:100,2
DA:101,1
DA:104,1
DA:106,1
DA:111,1
DA:112,3
DA:113,3
DA:114,3
DA:116,2
DA:117,1
DA:120,1
DA:122,1
LF:49
LH:46
BRDA:13,0,0,1
BRDA:13,0,1,2
BRDA:13,1,0,3
BRDA:13,1,1,2
BRDA:13,1,2,2
BRDA:13,1,3,2
BRDA:23,2,0,1
BRDA:23,2,1,0
BRDA:31,3,0,0
BRDA:31,3,1,0
BRDA:34,4,0,0
BRDA:34,4,1,0
BRDA:35,5,0,0
BRDA:35,5,1,0
BRDA:36,6,0,0
BRDA:36,6,1,0
BRDA:72,7,0,1
BRDA:72,7,1,1
BRDA:89,8,0,1
BRDA:89,8,1,2
BRDA:100,9,0,1
BRDA:100,9,1,1
BRDA:116,10,0,1
BRDA:116,10,1,1
BRF:24
BRH:15
end_of_record
TN:
SF:model\product.js
FNF:0
FNH:0
DA:1,2
DA:3,2
DA:59,2
DA:60,2
LF:4
LH:4
BRF:0
BRH:0
end_of_record
